<?xml version="1.0" encoding="UTF-8"?>
<testsuite xmlns:xsi="http://www.w3.org/2001/XMLSchema-instance" xsi:noNamespaceSchemaLocation="https://maven.apache.org/surefire/maven-surefire-plugin/xsd/surefire-test-report.xsd" name="conduitApp.ConduitTest" time="54.417" tests="2" errors="0" skipped="0" failures="2">
  <properties>
    <property name="sun.desktop" value="windows"/>
    <property name="awt.toolkit" value="sun.awt.windows.WToolkit"/>
    <property name="file.encoding.pkg" value="sun.io"/>
    <property name="java.specification.version" value="1.8"/>
    <property name="sun.cpu.isalist" value="amd64"/>
    <property name="sun.jnu.encoding" value="Cp1252"/>
    <property name="java.class.path" value="C:\Users\diarmuid.healy\OneDrive - Accenture\Desktop\KarateGit\Udemy\myproject\target\test-classes;C:\Users\diarmuid.healy\OneDrive - Accenture\Desktop\KarateGit\Udemy\myproject\target\classes;C:\Users\diarmuid.healy\.m2\repository\com\intuit\karate\karate-junit5\1.1.0\karate-junit5-1.1.0.jar;C:\Users\diarmuid.healy\.m2\repository\com\intuit\karate\karate-core\1.1.0\karate-core-1.1.0.jar;C:\Users\diarmuid.healy\.m2\repository\org\graalvm\js\js-scriptengine\21.2.0\js-scriptengine-21.2.0.jar;C:\Users\diarmuid.healy\.m2\repository\org\graalvm\sdk\graal-sdk\21.2.0\graal-sdk-21.2.0.jar;C:\Users\diarmuid.healy\.m2\repository\org\graalvm\js\js\21.2.0\js-21.2.0.jar;C:\Users\diarmuid.healy\.m2\repository\org\graalvm\regex\regex\21.2.0\regex-21.2.0.jar;C:\Users\diarmuid.healy\.m2\repository\org\graalvm\truffle\truffle-api\21.2.0\truffle-api-21.2.0.jar;C:\Users\diarmuid.healy\.m2\repository\com\ibm\icu\icu4j\69.1\icu4j-69.1.jar;C:\Users\diarmuid.healy\.m2\repository\ch\qos\logback\logback-classic\1.2.3\logback-classic-1.2.3.jar;C:\Users\diarmuid.healy\.m2\repository\ch\qos\logback\logback-core\1.2.3\logback-core-1.2.3.jar;C:\Users\diarmuid.healy\.m2\repository\org\slf4j\slf4j-api\1.7.25\slf4j-api-1.7.25.jar;C:\Users\diarmuid.healy\.m2\repository\org\slf4j\jcl-over-slf4j\1.7.25\jcl-over-slf4j-1.7.25.jar;C:\Users\diarmuid.healy\.m2\repository\com\jayway\jsonpath\json-path\2.6.0\json-path-2.6.0.jar;C:\Users\diarmuid.healy\.m2\repository\net\minidev\json-smart\2.4.7\json-smart-2.4.7.jar;C:\Users\diarmuid.healy\.m2\repository\net\minidev\accessors-smart\2.4.7\accessors-smart-2.4.7.jar;C:\Users\diarmuid.healy\.m2\repository\org\ow2\asm\asm\9.1\asm-9.1.jar;C:\Users\diarmuid.healy\.m2\repository\info\cukes\cucumber-java\1.2.5\cucumber-java-1.2.5.jar;C:\Users\diarmuid.healy\.m2\repository\info\cukes\cucumber-core\1.2.5\cucumber-core-1.2.5.jar;C:\Users\diarmuid.healy\.m2\repository\org\yaml\snakeyaml\1.29\snakeyaml-1.29.jar;C:\Users\diarmuid.healy\.m2\repository\de\siegmar\fastcsv\2.0.0\fastcsv-2.0.0.jar;C:\Users\diarmuid.healy\.m2\repository\info\picocli\picocli\4.6.1\picocli-4.6.1.jar;C:\Users\diarmuid.healy\.m2\repository\org\junit\jupiter\junit-jupiter-api\5.7.2\junit-jupiter-api-5.7.2.jar;C:\Users\diarmuid.healy\.m2\repository\org\apiguardian\apiguardian-api\1.1.0\apiguardian-api-1.1.0.jar;C:\Users\diarmuid.healy\.m2\repository\org\opentest4j\opentest4j\1.2.0\opentest4j-1.2.0.jar;C:\Users\diarmuid.healy\.m2\repository\org\junit\platform\junit-platform-commons\1.7.2\junit-platform-commons-1.7.2.jar;C:\Users\diarmuid.healy\.m2\repository\org\junit\jupiter\junit-jupiter-engine\5.7.2\junit-jupiter-engine-5.7.2.jar;C:\Users\diarmuid.healy\.m2\repository\org\junit\platform\junit-platform-engine\1.7.2\junit-platform-engine-1.7.2.jar;C:\Users\diarmuid.healy\.m2\repository\com\intuit\karate\karate-junit4\1.1.0\karate-junit4-1.1.0.jar;C:\Users\diarmuid.healy\.m2\repository\junit\junit\4.13.1\junit-4.13.1.jar;C:\Users\diarmuid.healy\.m2\repository\org\hamcrest\hamcrest-core\1.3\hamcrest-core-1.3.jar;C:\Users\diarmuid.healy\.m2\repository\com\github\javafaker\javafaker\1.0.2\javafaker-1.0.2.jar;C:\Users\diarmuid.healy\.m2\repository\org\apache\commons\commons-lang3\3.5\commons-lang3-3.5.jar;C:\Users\diarmuid.healy\.m2\repository\org\yaml\snakeyaml\1.23\snakeyaml-1.23-android.jar;C:\Users\diarmuid.healy\.m2\repository\com\github\mifmif\generex\1.0.2\generex-1.0.2.jar;C:\Users\diarmuid.healy\.m2\repository\dk\brics\automaton\automaton\1.11-8\automaton-1.11-8.jar;"/>
    <property name="java.vm.vendor" value="Oracle Corporation"/>
    <property name="sun.arch.data.model" value="64"/>
    <property name="user.variant" value=""/>
    <property name="java.vendor.url" value="http://java.oracle.com/"/>
    <property name="user.timezone" value="Europe/London"/>
    <property name="java.vm.specification.version" value="1.8"/>
    <property name="os.name" value="Windows 10"/>
    <property name="user.country" value="GB"/>
    <property name="sun.java.launcher" value="SUN_STANDARD"/>
    <property name="sun.boot.library.path" value="C:\Program Files\Java\jdk1.8.0_291\jre\bin"/>
    <property name="sun.java.command" value="C:\Users\DIARMU~1.HEA\AppData\Local\Temp\surefire3567614205185037319\surefirebooter3727632986474626298.jar C:\Users\diarmuid.healy\AppData\Local\Temp\surefire3567614205185037319 2021-09-06T20-39-17_852-jvmRun1 surefire6412902999637865850tmp surefire_01051902909738694750tmp"/>
    <property name="surefire.test.class.path" value="C:\Users\diarmuid.healy\OneDrive - Accenture\Desktop\KarateGit\Udemy\myproject\target\test-classes;C:\Users\diarmuid.healy\OneDrive - Accenture\Desktop\KarateGit\Udemy\myproject\target\classes;C:\Users\diarmuid.healy\.m2\repository\com\intuit\karate\karate-junit5\1.1.0\karate-junit5-1.1.0.jar;C:\Users\diarmuid.healy\.m2\repository\com\intuit\karate\karate-core\1.1.0\karate-core-1.1.0.jar;C:\Users\diarmuid.healy\.m2\repository\org\graalvm\js\js-scriptengine\21.2.0\js-scriptengine-21.2.0.jar;C:\Users\diarmuid.healy\.m2\repository\org\graalvm\sdk\graal-sdk\21.2.0\graal-sdk-21.2.0.jar;C:\Users\diarmuid.healy\.m2\repository\org\graalvm\js\js\21.2.0\js-21.2.0.jar;C:\Users\diarmuid.healy\.m2\repository\org\graalvm\regex\regex\21.2.0\regex-21.2.0.jar;C:\Users\diarmuid.healy\.m2\repository\org\graalvm\truffle\truffle-api\21.2.0\truffle-api-21.2.0.jar;C:\Users\diarmuid.healy\.m2\repository\com\ibm\icu\icu4j\69.1\icu4j-69.1.jar;C:\Users\diarmuid.healy\.m2\repository\ch\qos\logback\logback-classic\1.2.3\logback-classic-1.2.3.jar;C:\Users\diarmuid.healy\.m2\repository\ch\qos\logback\logback-core\1.2.3\logback-core-1.2.3.jar;C:\Users\diarmuid.healy\.m2\repository\org\slf4j\slf4j-api\1.7.25\slf4j-api-1.7.25.jar;C:\Users\diarmuid.healy\.m2\repository\org\slf4j\jcl-over-slf4j\1.7.25\jcl-over-slf4j-1.7.25.jar;C:\Users\diarmuid.healy\.m2\repository\com\jayway\jsonpath\json-path\2.6.0\json-path-2.6.0.jar;C:\Users\diarmuid.healy\.m2\repository\net\minidev\json-smart\2.4.7\json-smart-2.4.7.jar;C:\Users\diarmuid.healy\.m2\repository\net\minidev\accessors-smart\2.4.7\accessors-smart-2.4.7.jar;C:\Users\diarmuid.healy\.m2\repository\org\ow2\asm\asm\9.1\asm-9.1.jar;C:\Users\diarmuid.healy\.m2\repository\info\cukes\cucumber-java\1.2.5\cucumber-java-1.2.5.jar;C:\Users\diarmuid.healy\.m2\repository\info\cukes\cucumber-core\1.2.5\cucumber-core-1.2.5.jar;C:\Users\diarmuid.healy\.m2\repository\org\yaml\snakeyaml\1.29\snakeyaml-1.29.jar;C:\Users\diarmuid.healy\.m2\repository\de\siegmar\fastcsv\2.0.0\fastcsv-2.0.0.jar;C:\Users\diarmuid.healy\.m2\repository\info\picocli\picocli\4.6.1\picocli-4.6.1.jar;C:\Users\diarmuid.healy\.m2\repository\org\junit\jupiter\junit-jupiter-api\5.7.2\junit-jupiter-api-5.7.2.jar;C:\Users\diarmuid.healy\.m2\repository\org\apiguardian\apiguardian-api\1.1.0\apiguardian-api-1.1.0.jar;C:\Users\diarmuid.healy\.m2\repository\org\opentest4j\opentest4j\1.2.0\opentest4j-1.2.0.jar;C:\Users\diarmuid.healy\.m2\repository\org\junit\platform\junit-platform-commons\1.7.2\junit-platform-commons-1.7.2.jar;C:\Users\diarmuid.healy\.m2\repository\org\junit\jupiter\junit-jupiter-engine\5.7.2\junit-jupiter-engine-5.7.2.jar;C:\Users\diarmuid.healy\.m2\repository\org\junit\platform\junit-platform-engine\1.7.2\junit-platform-engine-1.7.2.jar;C:\Users\diarmuid.healy\.m2\repository\com\intuit\karate\karate-junit4\1.1.0\karate-junit4-1.1.0.jar;C:\Users\diarmuid.healy\.m2\repository\junit\junit\4.13.1\junit-4.13.1.jar;C:\Users\diarmuid.healy\.m2\repository\org\hamcrest\hamcrest-core\1.3\hamcrest-core-1.3.jar;C:\Users\diarmuid.healy\.m2\repository\com\github\javafaker\javafaker\1.0.2\javafaker-1.0.2.jar;C:\Users\diarmuid.healy\.m2\repository\org\apache\commons\commons-lang3\3.5\commons-lang3-3.5.jar;C:\Users\diarmuid.healy\.m2\repository\org\yaml\snakeyaml\1.23\snakeyaml-1.23-android.jar;C:\Users\diarmuid.healy\.m2\repository\com\github\mifmif\generex\1.0.2\generex-1.0.2.jar;C:\Users\diarmuid.healy\.m2\repository\dk\brics\automaton\automaton\1.11-8\automaton-1.11-8.jar;"/>
    <property name="sun.cpu.endian" value="little"/>
    <property name="user.home" value="C:\Users\diarmuid.healy"/>
    <property name="user.language" value="en"/>
    <property name="java.specification.vendor" value="Oracle Corporation"/>
    <property name="java.home" value="C:\Program Files\Java\jdk1.8.0_291\jre"/>
    <property name="basedir" value="C:\Users\diarmuid.healy\OneDrive - Accenture\Desktop\KarateGit\Udemy\myproject"/>
    <property name="file.separator" value="\"/>
    <property name="line.separator" value="&#10;"/>
    <property name="java.vm.specification.vendor" value="Oracle Corporation"/>
    <property name="java.specification.name" value="Java Platform API Specification"/>
    <property name="java.awt.graphicsenv" value="sun.awt.Win32GraphicsEnvironment"/>
    <property name="surefire.real.class.path" value="C:\Users\DIARMU~1.HEA\AppData\Local\Temp\surefire3567614205185037319\surefirebooter3727632986474626298.jar"/>
    <property name="sun.boot.class.path" value="C:\Program Files\Java\jdk1.8.0_291\jre\lib\resources.jar;C:\Program Files\Java\jdk1.8.0_291\jre\lib\rt.jar;C:\Program Files\Java\jdk1.8.0_291\jre\lib\sunrsasign.jar;C:\Program Files\Java\jdk1.8.0_291\jre\lib\jsse.jar;C:\Program Files\Java\jdk1.8.0_291\jre\lib\jce.jar;C:\Program Files\Java\jdk1.8.0_291\jre\lib\charsets.jar;C:\Program Files\Java\jdk1.8.0_291\jre\lib\jfr.jar;C:\Program Files\Java\jdk1.8.0_291\jre\classes"/>
    <property name="user.script" value=""/>
    <property name="sun.management.compiler" value="HotSpot 64-Bit Tiered Compilers"/>
    <property name="java.runtime.version" value="1.8.0_291-b10"/>
    <property name="user.name" value="diarmuid.healy"/>
    <property name="path.separator" value=";"/>
    <property name="os.version" value="10.0"/>
    <property name="java.endorsed.dirs" value="C:\Program Files\Java\jdk1.8.0_291\jre\lib\endorsed"/>
    <property name="java.runtime.name" value="Java(TM) SE Runtime Environment"/>
    <property name="file.encoding" value="UTF-8"/>
    <property name="java.vm.name" value="Java HotSpot(TM) 64-Bit Server VM"/>
    <property name="localRepository" value="C:\Users\diarmuid.healy\.m2\repository"/>
    <property name="java.vendor.url.bug" value="http://bugreport.sun.com/bugreport/"/>
    <property name="java.io.tmpdir" value="C:\Users\DIARMU~1.HEA\AppData\Local\Temp\"/>
    <property name="java.version" value="1.8.0_291"/>
    <property name="user.dir" value="C:\Users\diarmuid.healy\OneDrive - Accenture\Desktop\KarateGit\Udemy\myproject"/>
    <property name="os.arch" value="amd64"/>
    <property name="java.vm.specification.name" value="Java Virtual Machine Specification"/>
    <property name="java.awt.printerjob" value="sun.awt.windows.WPrinterJob"/>
    <property name="sun.os.patch.level" value=""/>
    <property name="java.library.path" value="C:\Program Files\Java\jdk1.8.0_291\jre\bin;C:\windows\Sun\Java\bin;C:\windows\system32;C:\windows;C:\Program Files (x86)\Common Files\Oracle\Java\javapath;C:\Python39\Scripts\;C:\Python39\;C:\windows\system32;C:\windows;C:\windows\System32\Wbem;C:\windows\System32\WindowsPowerShell\v1.0\;C:\windows\System32\OpenSSH\;C:\Program Files (x86)\Symantec\VIP Access Client\;C:\Program Files (x86)\PuTTY\;C:\Program Files\nodejs\;C:\ProgramData\chocolatey\bin;C:\Program Files (x86)\Yarn\bin\;C:\Program Files (x86)\Common Files\Pulse Secure\VC142.CRT\X64\;C:\Program Files (x86)\Common Files\Pulse Secure\VC142.CRT\X86\;C:\Program Files\Java\jdk1.8.0_291\bin;C:\Program Files\apache-maven-3.8.1\bin;C:\Program Files (x86)\Pulse Secure\VC142.CRT\X64\;C:\Program Files (x86)\Pulse Secure\VC142.CRT\X86\;C:\Users\diarmuid.healy\AppData\Local\Microsoft\WindowsApps;C:\Users\diarmuid.healy\AppData\Local\Programs\Git\cmd;C:\Users\diarmuid.healy\OneDrive - Accenture\Desktop\Maven\apache-maven-3.8.1\bin;;C:\Users\diarmuid.healy\AppData\Local\Programs\Microsoft VS Code\bin;C:\Users\diarmuid.healy\AppData\Roaming\npm;C:\Users\diarmuid.healy\AppData\Local\Yarn\bin;."/>
    <property name="java.vm.info" value="mixed mode"/>
    <property name="java.vendor" value="Oracle Corporation"/>
    <property name="java.vm.version" value="25.291-b10"/>
    <property name="java.ext.dirs" value="C:\Program Files\Java\jdk1.8.0_291\jre\lib\ext;C:\windows\Sun\Java\lib\ext"/>
    <property name="sun.io.unicode.encoding" value="UnicodeLittle"/>
    <property name="java.class.version" value="52.0"/>
  </properties>
  <testcase name="testSample[1][1]" classname="conduitApp.ConduitTest" time="35.439">
    <failure message="http call failed after 30029 milliseconds for url: http://conduit.productionready.io/api/tags&#10;classpath:conduitApp/feature/HomePage.feature:10" type="org.opentest4j.AssertionFailedError">org.opentest4j.AssertionFailedError: 
http call failed after 30029 milliseconds for url: http://conduit.productionready.io/api/tags
classpath:conduitApp/feature/HomePage.feature:10
</failure>
    <system-out><![CDATA[20:39:21.598 [main] DEBUG com.intuit.karate.Suite - [config] classpath:karate-config.js
20:39:23.887 [main] INFO  com.intuit.karate - karate.env system property was: null 
20:39:24.040 [main] INFO  com.intuit.karate - >> lock acquired, begin callonce: read('classpath:helpers/CreateToken.feature')
20:39:25.807 [main] DEBUG com.intuit.karate - request:
1 > POST https://conduit.productionready.io/api/users/login
1 > Content-Type: application/json; charset=UTF-8
1 > Content-Length: 70
1 > Host: conduit.productionready.io
1 > Connection: Keep-Alive
1 > User-Agent: Apache-HttpClient/4.5.13 (Java/1.8.0_291)
1 > Accept-Encoding: gzip,deflate
{"user":{"email":"jackbuzzhealy1996@gmail.com","password":"password"}}

20:39:26.987 [main] DEBUG com.intuit.karate - response time in milliseconds: 1174
1 < 200
1 < Date: Mon, 06 Sep 2021 19:39:26 GMT
1 < Content-Type: application/json; charset=utf-8
1 < Transfer-Encoding: chunked
1 < Connection: keep-alive
1 < cache-control: max-age=0, private, must-revalidate
1 < etag: W/"e1ec0b6b63a83bd268583a55a9b095a4"
1 < status: 200 OK
1 < vary: Origin
1 < x-content-type-options: nosniff
1 < x-frame-options: SAMEORIGIN
1 < x-powered-by: Phusion Passenger 4.0.60
1 < x-request-id: 575675ba-43be-44e8-be3d-6722a06e0d47
1 < x-runtime: 0.170260
1 < x-xss-protection: 1; mode=block
1 < CF-Cache-Status: DYNAMIC
1 < Expect-CT: max-age=604800, report-uri="https://report-uri.cloudflare.com/cdn-cgi/beacon/expect-ct"
1 < Report-To: {"endpoints":[{"url":"https:\/\/a.nel.cloudflare.com\/report\/v3?s=Zc7LPZWF23casMj0xX7P8rGvyLf2jQxNRCkvoktqa0yi6Lw7p1rTn86IEgs1cWqBtDlPsozm%2B17CDdcC0hJnZUoLhemwCVkhfz3%2FoluBStrUfEMPmfkVYxirPKjCM7ce29L8iyzUJcWFzPNl%2BA%3D%3D"}],"group":"cf-nel","max_age":604800}
1 < NEL: {"success_fraction":0,"report_to":"cf-nel","max_age":604800}
1 < Server: cloudflare
1 < CF-RAY: 68aa29d21eb50676-LHR
1 < alt-svc: h3=":443"; ma=86400, h3-29=":443"; ma=86400, h3-28=":443"; ma=86400, h3-27=":443"; ma=86400
{"user":{"id":217246,"email":"jackbuzzhealy1996@gmail.com","createdAt":"2021-08-31T10:11:53.157Z","updatedAt":"2021-08-31T10:32:42.058Z","username":"jack-healy-001","bio":null,"image":null,"token":"eyJ0eXAiOiJKV1QiLCJhbGciOiJIUzI1NiJ9.eyJpZCI6MjE3MjQ2LCJ1c2VybmFtZSI6ImphY2staGVhbHktMDAxIiwiZXhwIjoxNjM2MTQxMTY2fQ.FWvuLAG7eIqqd1Yl-5atqhi9lrY5imDhVEZ9My6jAAc"}}
20:39:27.023 [main] INFO  com.intuit.karate - << lock released, cached callonce: read('classpath:helpers/CreateToken.feature')
20:39:27.052 [main] DEBUG com.intuit.karate - request:
1 > GET http://conduit.productionready.io/api/tags
1 > Host: conduit.productionready.io
1 > Connection: Keep-Alive
1 > User-Agent: Apache-HttpClient/4.5.13 (Java/1.8.0_291)
1 > Accept-Encoding: gzip,deflate


20:39:57.079 [main] ERROR com.intuit.karate - java.net.SocketTimeoutException: Read timed out, http call failed after 30029 milliseconds for url: http://conduit.productionready.io/api/tags
20:39:57.080 [main] ERROR com.intuit.karate - classpath:conduitApp/feature/HomePage.feature:10
When method Get
http call failed after 30029 milliseconds for url: http://conduit.productionready.io/api/tags
classpath:conduitApp/feature/HomePage.feature:10
]]></system-out>
  </testcase>
  <testcase name="testSample[1][2]" classname="conduitApp.ConduitTest" time="17.853">
    <failure message="match failed: EACH_EQUALS&#10;  $ | match each failed at index 0 (LIST:MAP)&#10;  [{&quot;title&quot;:&quot;sdftrsdf&quot;,&quot;slug&quot;:&quot;sdftrsdf-bl0rhq&quot;,&quot;body&quot;:&quot;sdfsdf&quot;,&quot;createdAt&quot;:&quot;2021-09-06T19:25:27.859Z&quot;,&quot;updatedAt&quot;:&quot;2021-09-06T19:25:27.859Z&quot;,&quot;tagList&quot;:[&quot;sdfsdfdsf&quot;],&quot;description&quot;:&quot;sdfdsf&quot;,&quot;author&quot;:{&quot;username&quot;:&quot;iamellythedog&quot;,&quot;bio&quot;:null,&quot;image&quot;:&quot;https://static.productionready.io/images/smiley-cyrus.jpg&quot;,&quot;following&quot;:false},&quot;favorited&quot;:false,&quot;favoritesCount&quot;:0},{&quot;title&quot;:&quot;a&quot;,&quot;slug&quot;:&quot;a-hlyf1l&quot;,&quot;body&quot;:&quot;d&quot;,&quot;createdAt&quot;:&quot;2021-09-06T19:22:54.644Z&quot;,&quot;updatedAt&quot;:&quot;2021-09-06T19:22:54.644Z&quot;,&quot;tagList&quot;:[&quot;a&quot;],&quot;description&quot;:&quot;s&quot;,&quot;author&quot;:{&quot;username&quot;:&quot;iamellythedog&quot;,&quot;bio&quot;:null,&quot;image&quot;:&quot;https://static.productionready.io/images/smiley-cyrus.jpg&quot;,&quot;following&quot;:false},&quot;favorited&quot;:false,&quot;favoritesCount&quot;:0},{&quot;title&quot;:&quot;asd&quot;,&quot;slug&quot;:&quot;asd-mz87j2&quot;,&quot;body&quot;:&quot;asdasd&quot;,&quot;createdAt&quot;:&quot;2021-09-06T19:22:24.252Z&quot;,&quot;updatedAt&quot;:&quot;2021-09-06T19:22:24.252Z&quot;,&quot;tagList&quot;:[&quot;asdasd&quot;],&quot;description&quot;:&quot;asdasd&quot;,&quot;author&quot;:{&quot;username&quot;:&quot;iamellythedog&quot;,&quot;bio&quot;:null,&quot;image&quot;:&quot;https://static.productionready.io/images/smiley-cyrus.jpg&quot;,&quot;following&quot;:false},&quot;favorited&quot;:false,&quot;favoritesCount&quot;:0},{&quot;title&quot;:&quot;Grupo Primo&quot;,&quot;slug&quot;:&quot;grupo-primo-4h3h7j&quot;,&quot;body&quot;:&quot;Follow @thiago.nigro on Instagram&quot;,&quot;createdAt&quot;:&quot;2021-09-06T19:15:42.253Z&quot;,&quot;updatedAt&quot;:&quot;2021-09-06T19:15:42.253Z&quot;,&quot;tagList&quot;:[],&quot;description&quot;:&quot;Best investment and entrepreneur content&quot;,&quot;author&quot;:{&quot;username&quot;:&quot;Grupo Primo&quot;,&quot;bio&quot;:null,&quot;image&quot;:&quot;https://static.productionready.io/images/smiley-cyrus.jpg&quot;,&quot;following&quot;:false},&quot;favorited&quot;:false,&quot;favoritesCount&quot;:0},{&quot;title&quot;:&quot;someArticle&quot;,&quot;slug&quot;:&quot;somearticle-j3ffee&quot;,&quot;body&quot;:&quot;TEst&quot;,&quot;createdAt&quot;:&quot;2021-09-06T19:11:17.080Z&quot;,&quot;updatedAt&quot;:&quot;2021-09-06T19:11:17.080Z&quot;,&quot;tagList&quot;:[],&quot;description&quot;:&quot;Test&quot;,&quot;author&quot;:{&quot;username&quot;:&quot;SilverRings&quot;,&quot;bio&quot;:null,&quot;image&quot;:&quot;https://static.productionready.io/images/smiley-cyrus.jpg&quot;,&quot;following&quot;:false},&quot;favorited&quot;:false,&quot;favoritesCount&quot;:0},{&quot;title&quot;:&quot;Raynald Westerling&quot;,&quot;slug&quot;:&quot;raynald-westerling-1euuah&quot;,&quot;body&quot;:&quot;Fear cuts deeper than swords.&quot;,&quot;createdAt&quot;:&quot;2021-09-06T19:05:30.346Z&quot;,&quot;updatedAt&quot;:&quot;2021-09-06T19:05:30.346Z&quot;,&quot;tagList&quot;:[],&quot;description&quot;:&quot;Myr&quot;,&quot;author&quot;:{&quot;username&quot;:&quot;dev112my&quot;,&quot;bio&quot;:null,&quot;image&quot;:&quot;https://static.productionready.io/images/smiley-cyrus.jpg&quot;,&quot;following&quot;:false},&quot;favorited&quot;:false,&quot;favoritesCount&quot;:0},{&quot;title&quot;:&quot;someArticle&quot;,&quot;slug&quot;:&quot;somearticle-wnb1cf&quot;,&quot;body&quot;:&quot;TEst&quot;,&quot;createdAt&quot;:&quot;2021-09-06T19:02:31.633Z&quot;,&quot;updatedAt&quot;:&quot;2021-09-06T19:02:31.633Z&quot;,&quot;tagList&quot;:[],&quot;description&quot;:&quot;Test&quot;,&quot;author&quot;:{&quot;username&quot;:&quot;SilverRings&quot;,&quot;bio&quot;:null,&quot;image&quot;:&quot;https://static.productionready.io/images/smiley-cyrus.jpg&quot;,&quot;following&quot;:false},&quot;favorited&quot;:false,&quot;favoritesCount&quot;:0},{&quot;title&quot;:&quot;someArticle&quot;,&quot;slug&quot;:&quot;somearticle-cdkiax&quot;,&quot;body&quot;:&quot;TEst&quot;,&quot;createdAt&quot;:&quot;2021-09-06T19:00:13.887Z&quot;,&quot;updatedAt&quot;:&quot;2021-09-06T19:00:13.887Z&quot;,&quot;tagList&quot;:[],&quot;description&quot;:&quot;Test&quot;,&quot;author&quot;:{&quot;username&quot;:&quot;SilverRings&quot;,&quot;bio&quot;:null,&quot;image&quot;:&quot;https://static.productionready.io/images/smiley-cyrus.jpg&quot;,&quot;following&quot;:false},&quot;favorited&quot;:false,&quot;favoritesCount&quot;:0},{&quot;title&quot;:&quot;someArticle&quot;,&quot;slug&quot;:&quot;somearticle-ql7gif&quot;,&quot;body&quot;:&quot;TEst&quot;,&quot;createdAt&quot;:&quot;2021-09-06T18:56:24.528Z&quot;,&quot;updatedAt&quot;:&quot;2021-09-06T18:56:24.528Z&quot;,&quot;tagList&quot;:[],&quot;description&quot;:&quot;Test&quot;,&quot;author&quot;:{&quot;username&quot;:&quot;SilverRings&quot;,&quot;bio&quot;:null,&quot;image&quot;:&quot;https://static.productionready.io/images/smiley-cyrus.jpg&quot;,&quot;following&quot;:false},&quot;favorited&quot;:false,&quot;favoritesCount&quot;:0},{&quot;title&quot;:&quot;someArticle&quot;,&quot;slug&quot;:&quot;somearticle-ju9dy9&quot;,&quot;body&quot;:&quot;TEst&quot;,&quot;createdAt&quot;:&quot;2021-09-06T18:55:05.791Z&quot;,&quot;updatedAt&quot;:&quot;2021-09-06T18:55:05.791Z&quot;,&quot;tagList&quot;:[],&quot;description&quot;:&quot;Test&quot;,&quot;author&quot;:{&quot;username&quot;:&quot;SilverRings&quot;,&quot;bio&quot;:null,&quot;image&quot;:&quot;https://static.productionready.io/images/smiley-cyrus.jpg&quot;,&quot;following&quot;:false},&quot;favorited&quot;:false,&quot;favoritesCount&quot;:0}]&#10;  {&quot;title&quot;:&quot;#string&quot;,&quot;slug&quot;:&quot;#string&quot;,&quot;body&quot;:&quot;#string&quot;,&quot;//\&quot;createdAt\&quot;&quot;:&quot;#? isValueTime(_)&quot;,&quot;//\&quot;updatedAt\&quot;&quot;:&quot;#? isValueTime(_)&quot;,&quot;tagList&quot;:&quot;#array&quot;,&quot;description&quot;:&quot;#string&quot;,&quot;author&quot;:{&quot;username&quot;:&quot;#string&quot;,&quot;bio&quot;:&quot;##string&quot;,&quot;image&quot;:&quot;#string&quot;,&quot;following&quot;:&quot;#boolean&quot;},&quot;favourited&quot;:&quot;#boolean&quot;,&quot;favouritesCount&quot;:&quot;#number&quot;}&#10;&#10;    $[0] | not equal | actual does not contain key - &apos;//&quot;createdAt&quot;&apos; (MAP:MAP)&#10;    {&quot;title&quot;:&quot;sdftrsdf&quot;,&quot;slug&quot;:&quot;sdftrsdf-bl0rhq&quot;,&quot;body&quot;:&quot;sdfsdf&quot;,&quot;createdAt&quot;:&quot;2021-09-06T19:25:27.859Z&quot;,&quot;updatedAt&quot;:&quot;2021-09-06T19:25:27.859Z&quot;,&quot;tagList&quot;:[&quot;sdfsdfdsf&quot;],&quot;description&quot;:&quot;sdfdsf&quot;,&quot;author&quot;:{&quot;username&quot;:&quot;iamellythedog&quot;,&quot;bio&quot;:null,&quot;image&quot;:&quot;https://static.productionready.io/images/smiley-cyrus.jpg&quot;,&quot;following&quot;:false},&quot;favorited&quot;:false,&quot;favoritesCount&quot;:0}&#10;    {&quot;title&quot;:&quot;#string&quot;,&quot;slug&quot;:&quot;#string&quot;,&quot;body&quot;:&quot;#string&quot;,&quot;tagList&quot;:&quot;#array&quot;,&quot;description&quot;:&quot;#string&quot;,&quot;author&quot;:{&quot;username&quot;:&quot;#string&quot;,&quot;bio&quot;:&quot;##string&quot;,&quot;image&quot;:&quot;#string&quot;,&quot;following&quot;:&quot;#boolean&quot;},&quot;//\&quot;createdAt\&quot;&quot;:&quot;#? isValueTime(_)&quot;,&quot;//\&quot;updatedAt\&quot;&quot;:&quot;#? isValueTime(_)&quot;,&quot;favourited&quot;:&quot;#boolean&quot;,&quot;favouritesCount&quot;:&quot;#number&quot;}&#10;&#10;&#10;classpath:conduitApp/feature/HomePage.feature:38" type="org.opentest4j.AssertionFailedError">org.opentest4j.AssertionFailedError: 
match failed: EACH_EQUALS
  $ | match each failed at index 0 (LIST:MAP)
  [{"title":"sdftrsdf","slug":"sdftrsdf-bl0rhq","body":"sdfsdf","createdAt":"2021-09-06T19:25:27.859Z","updatedAt":"2021-09-06T19:25:27.859Z","tagList":["sdfsdfdsf"],"description":"sdfdsf","author":{"username":"iamellythedog","bio":null,"image":"https://static.productionready.io/images/smiley-cyrus.jpg","following":false},"favorited":false,"favoritesCount":0},{"title":"a","slug":"a-hlyf1l","body":"d","createdAt":"2021-09-06T19:22:54.644Z","updatedAt":"2021-09-06T19:22:54.644Z","tagList":["a"],"description":"s","author":{"username":"iamellythedog","bio":null,"image":"https://static.productionready.io/images/smiley-cyrus.jpg","following":false},"favorited":false,"favoritesCount":0},{"title":"asd","slug":"asd-mz87j2","body":"asdasd","createdAt":"2021-09-06T19:22:24.252Z","updatedAt":"2021-09-06T19:22:24.252Z","tagList":["asdasd"],"description":"asdasd","author":{"username":"iamellythedog","bio":null,"image":"https://static.productionready.io/images/smiley-cyrus.jpg","following":false},"favorited":false,"favoritesCount":0},{"title":"Grupo Primo","slug":"grupo-primo-4h3h7j","body":"Follow @thiago.nigro on Instagram","createdAt":"2021-09-06T19:15:42.253Z","updatedAt":"2021-09-06T19:15:42.253Z","tagList":[],"description":"Best investment and entrepreneur content","author":{"username":"Grupo Primo","bio":null,"image":"https://static.productionready.io/images/smiley-cyrus.jpg","following":false},"favorited":false,"favoritesCount":0},{"title":"someArticle","slug":"somearticle-j3ffee","body":"TEst","createdAt":"2021-09-06T19:11:17.080Z","updatedAt":"2021-09-06T19:11:17.080Z","tagList":[],"description":"Test","author":{"username":"SilverRings","bio":null,"image":"https://static.productionready.io/images/smiley-cyrus.jpg","following":false},"favorited":false,"favoritesCount":0},{"title":"Raynald Westerling","slug":"raynald-westerling-1euuah","body":"Fear cuts deeper than swords.","createdAt":"2021-09-06T19:05:30.346Z","updatedAt":"2021-09-06T19:05:30.346Z","tagList":[],"description":"Myr","author":{"username":"dev112my","bio":null,"image":"https://static.productionready.io/images/smiley-cyrus.jpg","following":false},"favorited":false,"favoritesCount":0},{"title":"someArticle","slug":"somearticle-wnb1cf","body":"TEst","createdAt":"2021-09-06T19:02:31.633Z","updatedAt":"2021-09-06T19:02:31.633Z","tagList":[],"description":"Test","author":{"username":"SilverRings","bio":null,"image":"https://static.productionready.io/images/smiley-cyrus.jpg","following":false},"favorited":false,"favoritesCount":0},{"title":"someArticle","slug":"somearticle-cdkiax","body":"TEst","createdAt":"2021-09-06T19:00:13.887Z","updatedAt":"2021-09-06T19:00:13.887Z","tagList":[],"description":"Test","author":{"username":"SilverRings","bio":null,"image":"https://static.productionready.io/images/smiley-cyrus.jpg","following":false},"favorited":false,"favoritesCount":0},{"title":"someArticle","slug":"somearticle-ql7gif","body":"TEst","createdAt":"2021-09-06T18:56:24.528Z","updatedAt":"2021-09-06T18:56:24.528Z","tagList":[],"description":"Test","author":{"username":"SilverRings","bio":null,"image":"https://static.productionready.io/images/smiley-cyrus.jpg","following":false},"favorited":false,"favoritesCount":0},{"title":"someArticle","slug":"somearticle-ju9dy9","body":"TEst","createdAt":"2021-09-06T18:55:05.791Z","updatedAt":"2021-09-06T18:55:05.791Z","tagList":[],"description":"Test","author":{"username":"SilverRings","bio":null,"image":"https://static.productionready.io/images/smiley-cyrus.jpg","following":false},"favorited":false,"favoritesCount":0}]
  {"title":"#string","slug":"#string","body":"#string","//\"createdAt\"":"#? isValueTime(_)","//\"updatedAt\"":"#? isValueTime(_)","tagList":"#array","description":"#string","author":{"username":"#string","bio":"##string","image":"#string","following":"#boolean"},"favourited":"#boolean","favouritesCount":"#number"}

    $[0] | not equal | actual does not contain key - '//"createdAt"' (MAP:MAP)
    {"title":"sdftrsdf","slug":"sdftrsdf-bl0rhq","body":"sdfsdf","createdAt":"2021-09-06T19:25:27.859Z","updatedAt":"2021-09-06T19:25:27.859Z","tagList":["sdfsdfdsf"],"description":"sdfdsf","author":{"username":"iamellythedog","bio":null,"image":"https://static.productionready.io/images/smiley-cyrus.jpg","following":false},"favorited":false,"favoritesCount":0}
    {"title":"#string","slug":"#string","body":"#string","tagList":"#array","description":"#string","author":{"username":"#string","bio":"##string","image":"#string","following":"#boolean"},"//\"createdAt\"":"#? isValueTime(_)","//\"updatedAt\"":"#? isValueTime(_)","favourited":"#boolean","favouritesCount":"#number"}


classpath:conduitApp/feature/HomePage.feature:38
</failure>
    <system-out><![CDATA[20:39:57.118 [main] INFO  com.intuit.karate - karate.env system property was: null 
20:39:57.155 [main] DEBUG com.intuit.karate - request:
1 > GET http://conduit.productionready.io/api/articles?offset=0&limit=10
1 > Host: conduit.productionready.io
1 > Connection: Keep-Alive
1 > User-Agent: Apache-HttpClient/4.5.13 (Java/1.8.0_291)
1 > Accept-Encoding: gzip,deflate


20:40:08.501 [main] DEBUG com.intuit.karate - response time in milliseconds: 11345
1 < 200
1 < Date: Mon, 06 Sep 2021 19:40:08 GMT
1 < Content-Type: application/json; charset=utf-8
1 < Connection: keep-alive
1 < cache-control: max-age=0, private, must-revalidate
1 < etag: W/"7005c356d7e6b6adea4b1f1872178458"
1 < status: 200 OK
1 < vary: Origin
1 < x-content-type-options: nosniff
1 < x-frame-options: SAMEORIGIN
1 < x-powered-by: Phusion Passenger 4.0.60
1 < x-request-id: b7cfacb0-f773-47fe-9943-79f1066dd3d8
1 < x-runtime: 10.657030
1 < x-xss-protection: 1; mode=block
1 < CF-Cache-Status: DYNAMIC
1 < Report-To: {"endpoints":[{"url":"https:\/\/a.nel.cloudflare.com\/report\/v3?s=bcYbGUdDuE2CDxRRuVEggV44Gjx73Ovd9IjKty5TdLMAjQjHy9NEXwBIAiyBU9QBn0khYPQonp%2BKu6gtXf5EeCyKoknhBj36R%2Fa7tVRcTmZARfWJ6q7O82XgCgpRIeUoLxkP8X5HVQC3gp8HUA%3D%3D"}],"group":"cf-nel","max_age":604800}
1 < NEL: {"success_fraction":0,"report_to":"cf-nel","max_age":604800}
1 < Server: cloudflare
1 < CF-RAY: 68aa2a927ab05469-LHR
1 < alt-svc: h3=":443"; ma=86400, h3-29=":443"; ma=86400, h3-28=":443"; ma=86400, h3-27=":443"; ma=86400
{"articles":[{"title":"sdftrsdf","slug":"sdftrsdf-bl0rhq","body":"sdfsdf","createdAt":"2021-09-06T19:25:27.859Z","updatedAt":"2021-09-06T19:25:27.859Z","tagList":["sdfsdfdsf"],"description":"sdfdsf","author":{"username":"iamellythedog","bio":null,"image":"https://static.productionready.io/images/smiley-cyrus.jpg","following":false},"favorited":false,"favoritesCount":0},{"title":"a","slug":"a-hlyf1l","body":"d","createdAt":"2021-09-06T19:22:54.644Z","updatedAt":"2021-09-06T19:22:54.644Z","tagList":["a"],"description":"s","author":{"username":"iamellythedog","bio":null,"image":"https://static.productionready.io/images/smiley-cyrus.jpg","following":false},"favorited":false,"favoritesCount":0},{"title":"asd","slug":"asd-mz87j2","body":"asdasd","createdAt":"2021-09-06T19:22:24.252Z","updatedAt":"2021-09-06T19:22:24.252Z","tagList":["asdasd"],"description":"asdasd","author":{"username":"iamellythedog","bio":null,"image":"https://static.productionready.io/images/smiley-cyrus.jpg","following":false},"favorited":false,"favoritesCount":0},{"title":"Grupo Primo","slug":"grupo-primo-4h3h7j","body":"Follow @thiago.nigro on Instagram","createdAt":"2021-09-06T19:15:42.253Z","updatedAt":"2021-09-06T19:15:42.253Z","tagList":[],"description":"Best investment and entrepreneur content","author":{"username":"Grupo Primo","bio":null,"image":"https://static.productionready.io/images/smiley-cyrus.jpg","following":false},"favorited":false,"favoritesCount":0},{"title":"someArticle","slug":"somearticle-j3ffee","body":"TEst","createdAt":"2021-09-06T19:11:17.080Z","updatedAt":"2021-09-06T19:11:17.080Z","tagList":[],"description":"Test","author":{"username":"SilverRings","bio":null,"image":"https://static.productionready.io/images/smiley-cyrus.jpg","following":false},"favorited":false,"favoritesCount":0},{"title":"Raynald Westerling","slug":"raynald-westerling-1euuah","body":"Fear cuts deeper than swords.","createdAt":"2021-09-06T19:05:30.346Z","updatedAt":"2021-09-06T19:05:30.346Z","tagList":[],"description":"Myr","author":{"username":"dev112my","bio":null,"image":"https://static.productionready.io/images/smiley-cyrus.jpg","following":false},"favorited":false,"favoritesCount":0},{"title":"someArticle","slug":"somearticle-wnb1cf","body":"TEst","createdAt":"2021-09-06T19:02:31.633Z","updatedAt":"2021-09-06T19:02:31.633Z","tagList":[],"description":"Test","author":{"username":"SilverRings","bio":null,"image":"https://static.productionready.io/images/smiley-cyrus.jpg","following":false},"favorited":false,"favoritesCount":0},{"title":"someArticle","slug":"somearticle-cdkiax","body":"TEst","createdAt":"2021-09-06T19:00:13.887Z","updatedAt":"2021-09-06T19:00:13.887Z","tagList":[],"description":"Test","author":{"username":"SilverRings","bio":null,"image":"https://static.productionready.io/images/smiley-cyrus.jpg","following":false},"favorited":false,"favoritesCount":0},{"title":"someArticle","slug":"somearticle-ql7gif","body":"TEst","createdAt":"2021-09-06T18:56:24.528Z","updatedAt":"2021-09-06T18:56:24.528Z","tagList":[],"description":"Test","author":{"username":"SilverRings","bio":null,"image":"https://static.productionready.io/images/smiley-cyrus.jpg","following":false},"favorited":false,"favoritesCount":0},{"title":"someArticle","slug":"somearticle-ju9dy9","body":"TEst","createdAt":"2021-09-06T18:55:05.791Z","updatedAt":"2021-09-06T18:55:05.791Z","tagList":[],"description":"Test","author":{"username":"SilverRings","bio":null,"image":"https://static.productionready.io/images/smiley-cyrus.jpg","following":false},"favorited":false,"favoritesCount":0}],"articlesCount":500}
20:40:08.584 [main] ERROR com.intuit.karate - classpath:conduitApp/feature/HomePage.feature:38
And match each response.articles ==
"""
{
    "title":"#string",
    "slug":"#string",
    "body":"#string",
    //"createdAt":"#? isValueTime(_)",
    //"updatedAt":"#? isValueTime(_)",
    "tagList":"#array",
    "description":"#string",
    "author":
    {
        "username":"#string",
        "bio":"##string",
        "image":"#string",
        "following":"#boolean"
    },
    "favourited":"#boolean",
    "favouritesCount":"#number",
}
"""
match failed: EACH_EQUALS
  $ | match each failed at index 0 (LIST:MAP)
  [{"title":"sdftrsdf","slug":"sdftrsdf-bl0rhq","body":"sdfsdf","createdAt":"2021-09-06T19:25:27.859Z","updatedAt":"2021-09-06T19:25:27.859Z","tagList":["sdfsdfdsf"],"description":"sdfdsf","author":{"username":"iamellythedog","bio":null,"image":"https://static.productionready.io/images/smiley-cyrus.jpg","following":false},"favorited":false,"favoritesCount":0},{"title":"a","slug":"a-hlyf1l","body":"d","createdAt":"2021-09-06T19:22:54.644Z","updatedAt":"2021-09-06T19:22:54.644Z","tagList":["a"],"description":"s","author":{"username":"iamellythedog","bio":null,"image":"https://static.productionready.io/images/smiley-cyrus.jpg","following":false},"favorited":false,"favoritesCount":0},{"title":"asd","slug":"asd-mz87j2","body":"asdasd","createdAt":"2021-09-06T19:22:24.252Z","updatedAt":"2021-09-06T19:22:24.252Z","tagList":["asdasd"],"description":"asdasd","author":{"username":"iamellythedog","bio":null,"image":"https://static.productionready.io/images/smiley-cyrus.jpg","following":false},"favorited":false,"favoritesCount":0},{"title":"Grupo Primo","slug":"grupo-primo-4h3h7j","body":"Follow @thiago.nigro on Instagram","createdAt":"2021-09-06T19:15:42.253Z","updatedAt":"2021-09-06T19:15:42.253Z","tagList":[],"description":"Best investment and entrepreneur content","author":{"username":"Grupo Primo","bio":null,"image":"https://static.productionready.io/images/smiley-cyrus.jpg","following":false},"favorited":false,"favoritesCount":0},{"title":"someArticle","slug":"somearticle-j3ffee","body":"TEst","createdAt":"2021-09-06T19:11:17.080Z","updatedAt":"2021-09-06T19:11:17.080Z","tagList":[],"description":"Test","author":{"username":"SilverRings","bio":null,"image":"https://static.productionready.io/images/smiley-cyrus.jpg","following":false},"favorited":false,"favoritesCount":0},{"title":"Raynald Westerling","slug":"raynald-westerling-1euuah","body":"Fear cuts deeper than swords.","createdAt":"2021-09-06T19:05:30.346Z","updatedAt":"2021-09-06T19:05:30.346Z","tagList":[],"description":"Myr","author":{"username":"dev112my","bio":null,"image":"https://static.productionready.io/images/smiley-cyrus.jpg","following":false},"favorited":false,"favoritesCount":0},{"title":"someArticle","slug":"somearticle-wnb1cf","body":"TEst","createdAt":"2021-09-06T19:02:31.633Z","updatedAt":"2021-09-06T19:02:31.633Z","tagList":[],"description":"Test","author":{"username":"SilverRings","bio":null,"image":"https://static.productionready.io/images/smiley-cyrus.jpg","following":false},"favorited":false,"favoritesCount":0},{"title":"someArticle","slug":"somearticle-cdkiax","body":"TEst","createdAt":"2021-09-06T19:00:13.887Z","updatedAt":"2021-09-06T19:00:13.887Z","tagList":[],"description":"Test","author":{"username":"SilverRings","bio":null,"image":"https://static.productionready.io/images/smiley-cyrus.jpg","following":false},"favorited":false,"favoritesCount":0},{"title":"someArticle","slug":"somearticle-ql7gif","body":"TEst","createdAt":"2021-09-06T18:56:24.528Z","updatedAt":"2021-09-06T18:56:24.528Z","tagList":[],"description":"Test","author":{"username":"SilverRings","bio":null,"image":"https://static.productionready.io/images/smiley-cyrus.jpg","following":false},"favorited":false,"favoritesCount":0},{"title":"someArticle","slug":"somearticle-ju9dy9","body":"TEst","createdAt":"2021-09-06T18:55:05.791Z","updatedAt":"2021-09-06T18:55:05.791Z","tagList":[],"description":"Test","author":{"username":"SilverRings","bio":null,"image":"https://static.productionready.io/images/smiley-cyrus.jpg","following":false},"favorited":false,"favoritesCount":0}]
  {"title":"#string","slug":"#string","body":"#string","//\"createdAt\"":"#? isValueTime(_)","//\"updatedAt\"":"#? isValueTime(_)","tagList":"#array","description":"#string","author":{"username":"#string","bio":"##string","image":"#string","following":"#boolean"},"favourited":"#boolean","favouritesCount":"#number"}

    $[0] | not equal | actual does not contain key - '//"createdAt"' (MAP:MAP)
    {"title":"sdftrsdf","slug":"sdftrsdf-bl0rhq","body":"sdfsdf","createdAt":"2021-09-06T19:25:27.859Z","updatedAt":"2021-09-06T19:25:27.859Z","tagList":["sdfsdfdsf"],"description":"sdfdsf","author":{"username":"iamellythedog","bio":null,"image":"https://static.productionready.io/images/smiley-cyrus.jpg","following":false},"favorited":false,"favoritesCount":0}
    {"title":"#string","slug":"#string","body":"#string","tagList":"#array","description":"#string","author":{"username":"#string","bio":"##string","image":"#string","following":"#boolean"},"//\"createdAt\"":"#? isValueTime(_)","//\"updatedAt\"":"#? isValueTime(_)","favourited":"#boolean","favouritesCount":"#number"}


classpath:conduitApp/feature/HomePage.feature:38
---------------------------------------------------------
feature: classpath:conduitApp/feature/HomePage.feature
scenarios:  2 | passed:  0 | failed:  2 | time: 44.5238
---------------------------------------------------------

Karate version: 1.1.0
======================================================
elapsed:  50.17 | threads:    1 | thread time: 44.52 
features:     1 | skipped:    0 | efficiency: 0.89
scenarios:    2 | passed:     0 | failed: 2
======================================================
>>> failed features:
http call failed after 30029 milliseconds for url: http://conduit.productionready.io/api/tags
classpath:conduitApp/feature/HomePage.feature:10
match failed: EACH_EQUALS
  $ | match each failed at index 0 (LIST:MAP)
  [{"title":"sdftrsdf","slug":"sdftrsdf-bl0rhq","body":"sdfsdf","createdAt":"2021-09-06T19:25:27.859Z","updatedAt":"2021-09-06T19:25:27.859Z","tagList":["sdfsdfdsf"],"description":"sdfdsf","author":{"username":"iamellythedog","bio":null,"image":"https://static.productionready.io/images/smiley-cyrus.jpg","following":false},"favorited":false,"favoritesCount":0},{"title":"a","slug":"a-hlyf1l","body":"d","createdAt":"2021-09-06T19:22:54.644Z","updatedAt":"2021-09-06T19:22:54.644Z","tagList":["a"],"description":"s","author":{"username":"iamellythedog","bio":null,"image":"https://static.productionready.io/images/smiley-cyrus.jpg","following":false},"favorited":false,"favoritesCount":0},{"title":"asd","slug":"asd-mz87j2","body":"asdasd","createdAt":"2021-09-06T19:22:24.252Z","updatedAt":"2021-09-06T19:22:24.252Z","tagList":["asdasd"],"description":"asdasd","author":{"username":"iamellythedog","bio":null,"image":"https://static.productionready.io/images/smiley-cyrus.jpg","following":false},"favorited":false,"favoritesCount":0},{"title":"Grupo Primo","slug":"grupo-primo-4h3h7j","body":"Follow @thiago.nigro on Instagram","createdAt":"2021-09-06T19:15:42.253Z","updatedAt":"2021-09-06T19:15:42.253Z","tagList":[],"description":"Best investment and entrepreneur content","author":{"username":"Grupo Primo","bio":null,"image":"https://static.productionready.io/images/smiley-cyrus.jpg","following":false},"favorited":false,"favoritesCount":0},{"title":"someArticle","slug":"somearticle-j3ffee","body":"TEst","createdAt":"2021-09-06T19:11:17.080Z","updatedAt":"2021-09-06T19:11:17.080Z","tagList":[],"description":"Test","author":{"username":"SilverRings","bio":null,"image":"https://static.productionready.io/images/smiley-cyrus.jpg","following":false},"favorited":false,"favoritesCount":0},{"title":"Raynald Westerling","slug":"raynald-westerling-1euuah","body":"Fear cuts deeper than swords.","createdAt":"2021-09-06T19:05:30.346Z","updatedAt":"2021-09-06T19:05:30.346Z","tagList":[],"description":"Myr","author":{"username":"dev112my","bio":null,"image":"https://static.productionready.io/images/smiley-cyrus.jpg","following":false},"favorited":false,"favoritesCount":0},{"title":"someArticle","slug":"somearticle-wnb1cf","body":"TEst","createdAt":"2021-09-06T19:02:31.633Z","updatedAt":"2021-09-06T19:02:31.633Z","tagList":[],"description":"Test","author":{"username":"SilverRings","bio":null,"image":"https://static.productionready.io/images/smiley-cyrus.jpg","following":false},"favorited":false,"favoritesCount":0},{"title":"someArticle","slug":"somearticle-cdkiax","body":"TEst","createdAt":"2021-09-06T19:00:13.887Z","updatedAt":"2021-09-06T19:00:13.887Z","tagList":[],"description":"Test","author":{"username":"SilverRings","bio":null,"image":"https://static.productionready.io/images/smiley-cyrus.jpg","following":false},"favorited":false,"favoritesCount":0},{"title":"someArticle","slug":"somearticle-ql7gif","body":"TEst","createdAt":"2021-09-06T18:56:24.528Z","updatedAt":"2021-09-06T18:56:24.528Z","tagList":[],"description":"Test","author":{"username":"SilverRings","bio":null,"image":"https://static.productionready.io/images/smiley-cyrus.jpg","following":false},"favorited":false,"favoritesCount":0},{"title":"someArticle","slug":"somearticle-ju9dy9","body":"TEst","createdAt":"2021-09-06T18:55:05.791Z","updatedAt":"2021-09-06T18:55:05.791Z","tagList":[],"description":"Test","author":{"username":"SilverRings","bio":null,"image":"https://static.productionready.io/images/smiley-cyrus.jpg","following":false},"favorited":false,"favoritesCount":0}]
  {"title":"#string","slug":"#string","body":"#string","//\"createdAt\"":"#? isValueTime(_)","//\"updatedAt\"":"#? isValueTime(_)","tagList":"#array","description":"#string","author":{"username":"#string","bio":"##string","image":"#string","following":"#boolean"},"favourited":"#boolean","favouritesCount":"#number"}

    $[0] | not equal | actual does not contain key - '//"createdAt"' (MAP:MAP)
    {"title":"sdftrsdf","slug":"sdftrsdf-bl0rhq","body":"sdfsdf","createdAt":"2021-09-06T19:25:27.859Z","updatedAt":"2021-09-06T19:25:27.859Z","tagList":["sdfsdfdsf"],"description":"sdfdsf","author":{"username":"iamellythedog","bio":null,"image":"https://static.productionready.io/images/smiley-cyrus.jpg","following":false},"favorited":false,"favoritesCount":0}
    {"title":"#string","slug":"#string","body":"#string","tagList":"#array","description":"#string","author":{"username":"#string","bio":"##string","image":"#string","following":"#boolean"},"//\"createdAt\"":"#? isValueTime(_)","//\"updatedAt\"":"#? isValueTime(_)","favourited":"#boolean","favouritesCount":"#number"}


classpath:conduitApp/feature/HomePage.feature:38
<<<

HTML report: (paste into browser to view) | Karate version: 1.1.0
file:///C:/Users/diarmuid.healy/OneDrive%20-%20Accenture/Desktop/KarateGit/Udemy/myproject/target/karate-reports/karate-summary.html
===================================================================

]]></system-out>
  </testcase>
</testsuite>